ISim log file
Running: C:\Xilinx\Projects\Prj1\Core_TB_isim_beh.exe -intstyle ise -gui -tclbatch isim.cmd -wdb C:/Xilinx/Projects/Prj1/Core_TB_isim_beh.wdb 
ISim O.40d (signature 0x79f3f3a8)
WARNING: A WEBPACK license was found.
WARNING: Please use Xilinx License Configuration Manager to check out a full ISim license.
WARNING: ISim will run in Lite mode. Please refer to the ISim documentation for more information on the differences between the Lite and the Full version.
This is a Lite version of ISim.
WARNING:  For instance c/imem/, width 1 of formal port wea is not equal to width 32 of actual constant.
Time resolution is 1 ps
# onerror resume
# wave add /
# run 1000 ns
Simulator is doing circuit initialization process.
 Block Memory Generator CORE Generator module loading initial data...
 Block Memory Generator data initialization complete.
Block Memory Generator CORE Generator module Core_TB.c.imem.inst.\native_mem_module.blk_mem_gen_v6_1_inst  is using a behavioral model for simulation which will not precisely model memory collision behavior.
Block Memory Generator CORE Generator module Core_TB.c.dmem_0.inst.\native_mem_module.blk_mem_gen_v6_1_inst  is using a behavioral model for simulation which will not precisely model memory collision behavior.
Block Memory Generator CORE Generator module Core_TB.c.dmem_1.inst.\native_mem_module.blk_mem_gen_v6_1_inst  is using a behavioral model for simulation which will not precisely model memory collision behavior.
Block Memory Generator CORE Generator module Core_TB.c.dmem_2.inst.\native_mem_module.blk_mem_gen_v6_1_inst  is using a behavioral model for simulation which will not precisely model memory collision behavior.
Block Memory Generator CORE Generator module Core_TB.c.dmem_3.inst.\native_mem_module.blk_mem_gen_v6_1_inst  is using a behavioral model for simulation which will not precisely model memory collision behavior.
Finished circuit initialization process.
# run 7000ns
